Starting program...
CVideoSubFinderApp::Initialize...
new CMainFrame...
CMainFrame was created.
wxApp::Initialize...
m_pMainWnd->Init...
CMainFrame::Init(): starting...
CMainFrame::Init(): InitCUDADevice...
CMainFrame::Init(): Init Menu Bar...
CMainFrame::Init(): new CImageBox(this)...
CMainFrame::Init(): m_pImageBox->Init()...
CMainFrame::Init(): new CVideoBox(this)...
CMainFrame::Init(): m_pVideoBox->Init()...
CMainFrame::Init(): m_pVideoBox->Bind...
CMainFrame::Init(): LoadSettings()...
CMainFrame::LoadSettings(): starting...
CMainFrame::LoadSettings(): ReadSettings(m_GeneralSettingsFileName, m_general_settings)...
CMainFrame::LoadSettings(): reading properties from m_general_settings...
CMainFrame::LoadSettings(): reading properties from m_general_settings end.
CMainFrame::LoadSettings(): ReadSettings(.., m_locale_settings)...
CMainFrame::LoadSettings(): reading properties from m_locale_settings...
CMainFrame::LoadSettings(): reading properties from m_locale_settings end.
CMainFrame::LoadSettings(): finished.
CMainFrame::Init(): init m_BTNFont...
CMainFrame::Init(): init m_LBLFont...
CMainFrame::Init(): new CSSOWnd(this)...
CMainFrame::Init(): this->SetMenuBar(pMenuBar)...
CMainFrame::Init(): this->SetSize(..)...
CMainFrame::Init(): m_pPanel->Init()...
CSSOWnd::Init(): starting...
CSSOWnd::Init(): new CSearchPanel(this)...
CSSOWnd::Init(): new CSettingsPanel(this)...
CSSOWnd::Init(): new COCRPanel(this)...
CSSOWnd::Init(): m_pSHPanel->Init()...
CSearchPanel::Init(): starting...
CSearchPanel::Init(): init m_pP1...
CSearchPanel::Init(): init m_plblBT1...
CSearchPanel::Init(): init m_plblBT2...
CSearchPanel::Init(): init m_plblBTA1...
CSearchPanel::Init(): init m_plblBTA2...
CSearchPanel::Init(): init m_pClear...
CSearchPanel::Init(): init m_pRun...
CSearchPanel::Init(): finished.
CSSOWnd::Init(): m_pSSPanel->Init()...
CSettingsPanel::Init(): starting...
CSettingsPanel::Init(): init m_pP2...
CSettingsPanel::Init(): init top_sizer...
CSettingsPanel::Init(): init button_sizer...
CSettingsPanel::Init(): init m_pGB1...
CSettingsPanel::Init(): init m_pGB2...
CSettingsPanel::Init(): init m_pGB3...
CSettingsPanel::Init(): init m_pTest...
CSettingsPanel::Init(): init m_pLeft...
CSettingsPanel::Init(): init m_pRight...
CSettingsPanel::Init(): init m_plblIF...
CSettingsPanel::Init(): init m_pOI...
CSettingsPanel::Init(): init m_pOI m_ssp_oi_group_global_image_processing_settings...
GetAvailableHWDeviceTypes: starting...
GetAvailableHWDeviceTypes: finished.
CSettingsPanel::Init(): init m_pOI m_ssp_oi_group_initial_image_processing...
CSettingsPanel::Init(): init m_pOI m_ssp_oi_group_tertiary_image_processing...
CSettingsPanel::Init(): init m_pOIM...
CSettingsPanel::Init(): init m_pOIM m_ssp_oim_group_ocr_settings...
CSettingsPanel::Init(): init m_pOIM m_ssp_oim_group_settings_for_multiframe_image_processing...
CSettingsPanel::Init(): init m_plblGSFN...
CSettingsPanel::Init(): init m_pGSFN...
CSettingsPanel::Init(): init m_plblPixelColor...
CSettingsPanel::Init(): init m_pPixelColorRGB...
CSettingsPanel::Init(): init m_pPixelColorLab...
CSettingsPanel::Init(): init m_pPixelColorExample...
CSettingsPanel::Init(): finished.
CSSOWnd::Init(): m_pOCRPanel->Init()...
COCRPanel::Init(): starting...
COCRPanel::Init(): this->SetSize(rcP3)...
COCRPanel::Init(): init m_pP3...
COCRPanel::Init(): init m_plblMSD...
COCRPanel::Init(): init m_pMSD...
COCRPanel::Init(): init m_pcbJSACT...
COCRPanel::Init(): init m_pcbCTXTF...
COCRPanel::Init(): init m_pcbSESS...
COCRPanel::Init(): init m_pcbSSI...
COCRPanel::Init(): init m_pCES...
COCRPanel::Init(): init m_pCCTI...
COCRPanel::Init(): init m_pCSTXT...
COCRPanel::Init(): init m_pCSCTI...
COCRPanel::Init(): this->SetSizer(top_sizer)...
COCRPanel::Init(): finished.
CSSOWnd::Init(): AddPage's...
CSSOWnd::Init(): finished.
CMainFrame::Init(): m_pImageBox->SetSize(..)...
CMainFrame::Init(): m_pImageBox->Show(true)...
CMainFrame::Init(): m_pVideoBox->SetSize(..)...
CMainFrame::Init(): m_pVideoBox->Show(true)...
CMainFrame::Init(): finished.
m_pMainWnd->Init was finished.
